[debug] [2025-04-18T06:11:21.027Z] ----------------------------------------------------------------------
[debug] [2025-04-18T06:11:21.031Z] Command:       C:\Program Files\nodejs\node.exe C:\Users\sanje\AppData\Roaming\npm\node_modules\firebase-tools\lib\bin\firebase.js init
[debug] [2025-04-18T06:11:21.032Z] CLI Version:   14.2.0
[debug] [2025-04-18T06:11:21.033Z] Platform:      win32
[debug] [2025-04-18T06:11:21.033Z] Node Version:  v22.14.0
[debug] [2025-04-18T06:11:21.034Z] Time:          Fri Apr 18 2025 11:41:21 GMT+0530 (India Standard Time)
[debug] [2025-04-18T06:11:21.034Z] ----------------------------------------------------------------------
[debug] 
[debug] [2025-04-18T06:11:21.044Z] > command requires scopes: ["email","openid","https://www.googleapis.com/auth/cloudplatformprojects.readonly","https://www.googleapis.com/auth/firebase","https://www.googleapis.com/auth/cloud-platform"]
[debug] [2025-04-18T06:11:21.045Z] > authorizing via signed-in user (sanjeeviram422@gmail.com)
[info] 
     ######## #### ########  ######## ########     ###     ######  ########
     ##        ##  ##     ## ##       ##     ##  ##   ##  ##       ##
     ######    ##  ########  ######   ########  #########  ######  ######
     ##        ##  ##    ##  ##       ##     ## ##     ##       ## ##
     ##       #### ##     ## ######## ########  ##     ##  ######  ########

You're about to initialize a Firebase project in this directory:

  D:\smart-attendance\frontend

[info] 
=== Project Setup
[info] 
[info] First, let's associate this project directory with a Firebase project.
[info] You can create multiple project aliases by running firebase use --add, 
[info] but for now we'll just set up a default project.
[info] 
[debug] [2025-04-18T06:13:42.478Z] Checked if tokens are valid: false, expires at: 1744914714142
[debug] [2025-04-18T06:13:42.478Z] Checked if tokens are valid: false, expires at: 1744914714142
[debug] [2025-04-18T06:13:42.478Z] > refreshing access token with scopes: []
[debug] [2025-04-18T06:13:42.481Z] >>> [apiv2][query] POST https://www.googleapis.com/oauth2/v3/token [none]
[debug] [2025-04-18T06:13:42.481Z] >>> [apiv2][body] POST https://www.googleapis.com/oauth2/v3/token [omitted]
[debug] [2025-04-18T06:13:42.735Z] <<< [apiv2][status] POST https://www.googleapis.com/oauth2/v3/token 200
[debug] [2025-04-18T06:13:42.736Z] <<< [apiv2][body] POST https://www.googleapis.com/oauth2/v3/token [omitted]
[debug] [2025-04-18T06:13:42.816Z] >>> [apiv2][query] GET https://firebase.googleapis.com/v1beta1/projects pageSize=100
[debug] [2025-04-18T06:13:43.659Z] <<< [apiv2][status] GET https://firebase.googleapis.com/v1beta1/projects 200
[debug] [2025-04-18T06:13:43.659Z] <<< [apiv2][body] GET https://firebase.googleapis.com/v1beta1/projects [omitted]
[info] i  Using project smart-attendance-25d52 (smart-attendance) 
[info] 
=== Dataconnect Setup
[debug] [2025-04-18T06:13:45.931Z] Checked if tokens are valid: true, expires at: 1744960421736
[debug] [2025-04-18T06:13:45.931Z] Checked if tokens are valid: true, expires at: 1744960421736
[debug] [2025-04-18T06:13:45.931Z] >>> [apiv2][query] GET https://cloudbilling.googleapis.com/v1/projects/smart-attendance-25d52/billingInfo [none]
[debug] [2025-04-18T06:13:46.820Z] <<< [apiv2][status] GET https://cloudbilling.googleapis.com/v1/projects/smart-attendance-25d52/billingInfo 200
[debug] [2025-04-18T06:13:46.820Z] <<< [apiv2][body] GET https://cloudbilling.googleapis.com/v1/projects/smart-attendance-25d52/billingInfo {"name":"projects/smart-attendance-25d52/billingInfo","projectId":"smart-attendance-25d52","billingAccountName":"","billingEnabled":false}
[info] i  dataconnect: ensuring required API sqladmin.googleapis.com is enabled... 
[debug] [2025-04-18T06:13:46.821Z] Checked if tokens are valid: true, expires at: 1744960421736
[debug] [2025-04-18T06:13:46.821Z] Checked if tokens are valid: true, expires at: 1744960421736
[debug] [2025-04-18T06:13:46.822Z] >>> [apiv2][query] GET https://serviceusage.googleapis.com/v1/projects/smart-attendance-25d52/services/sqladmin.googleapis.com [none]
[debug] [2025-04-18T06:13:46.822Z] >>> [apiv2][(partial)header] GET https://serviceusage.googleapis.com/v1/projects/smart-attendance-25d52/services/sqladmin.googleapis.com x-goog-quota-user=projects/smart-attendance-25d52
[debug] [2025-04-18T06:13:48.676Z] <<< [apiv2][status] GET https://serviceusage.googleapis.com/v1/projects/smart-attendance-25d52/services/sqladmin.googleapis.com 200
[debug] [2025-04-18T06:13:48.677Z] <<< [apiv2][body] GET https://serviceusage.googleapis.com/v1/projects/smart-attendance-25d52/services/sqladmin.googleapis.com [omitted]
[warn] !  dataconnect: missing required API sqladmin.googleapis.com. Enabling now... 
[debug] [2025-04-18T06:13:48.678Z] Checked if tokens are valid: true, expires at: 1744960421736
[debug] [2025-04-18T06:13:48.678Z] Checked if tokens are valid: true, expires at: 1744960421736
[debug] [2025-04-18T06:13:48.678Z] >>> [apiv2][query] POST https://serviceusage.googleapis.com/v1/projects/smart-attendance-25d52/services/sqladmin.googleapis.com:enable [none]
[debug] [2025-04-18T06:13:48.678Z] >>> [apiv2][(partial)header] POST https://serviceusage.googleapis.com/v1/projects/smart-attendance-25d52/services/sqladmin.googleapis.com:enable x-goog-quota-user=projects/smart-attendance-25d52
[debug] [2025-04-18T06:13:49.241Z] <<< [apiv2][status] POST https://serviceusage.googleapis.com/v1/projects/smart-attendance-25d52/services/sqladmin.googleapis.com:enable 200
[debug] [2025-04-18T06:13:49.241Z] <<< [apiv2][body] POST https://serviceusage.googleapis.com/v1/projects/smart-attendance-25d52/services/sqladmin.googleapis.com:enable [omitted]
[debug] [2025-04-18T06:13:59.246Z] Checked if tokens are valid: true, expires at: 1744960421736
[debug] [2025-04-18T06:13:59.246Z] Checked if tokens are valid: true, expires at: 1744960421736
[debug] [2025-04-18T06:13:59.246Z] >>> [apiv2][query] GET https://serviceusage.googleapis.com/v1/projects/smart-attendance-25d52/services/sqladmin.googleapis.com [none]
[debug] [2025-04-18T06:13:59.246Z] >>> [apiv2][(partial)header] GET https://serviceusage.googleapis.com/v1/projects/smart-attendance-25d52/services/sqladmin.googleapis.com x-goog-quota-user=projects/smart-attendance-25d52
[debug] [2025-04-18T06:14:01.314Z] <<< [apiv2][status] GET https://serviceusage.googleapis.com/v1/projects/smart-attendance-25d52/services/sqladmin.googleapis.com 200
[debug] [2025-04-18T06:14:01.315Z] <<< [apiv2][body] GET https://serviceusage.googleapis.com/v1/projects/smart-attendance-25d52/services/sqladmin.googleapis.com [omitted]
[info] +  dataconnect: required API sqladmin.googleapis.com is enabled 
[info] +  Wrote dataconnect\dataconnect.yaml 
[info] +  Wrote dataconnect\schema\schema.gql 
[info] +  Wrote dataconnect\connector\connector.yaml 
[info] +  Wrote dataconnect\connector\queries.gql 
[info] +  Wrote dataconnect\connector\mutations.gql 
[info] +  Detected WEB app in directory D:\smart-attendance\frontend 
[info] i  Detected react app. Enabling react generated SDKs. 
[info] i  Writing your new SDK configuration to D:\smart-attendance\frontend\dataconnect\connector/connector.yaml 
[info] +  Wrote dataconnect\connector\connector.yaml 
[info] i  dataconnect: downloading dataconnect-emulator-2.2.0.exe... {"metadata":{"emulator":{"name":"dataconnect"},"message":"downloading dataconnect-emulator-2.2.0.exe..."}}
[debug] [2025-04-18T06:14:46.044Z] >>> [apiv2][query] GET https://storage.googleapis.com/firemat-preview-drop/emulator/dataconnect-emulator-windows-v2.2.0 
[debug] [2025-04-18T06:14:46.624Z] <<< [apiv2][status] GET https://storage.googleapis.com/firemat-preview-drop/emulator/dataconnect-emulator-windows-v2.2.0 200
[debug] [2025-04-18T06:14:46.624Z] <<< [apiv2][body] GET https://storage.googleapis.com/firemat-preview-drop/emulator/dataconnect-emulator-windows-v2.2.0 [stream]
[debug] [2025-04-18T06:14:56.047Z] defaultcredentials: writing to file C:\Users\sanje\AppData\Roaming\firebase\sanjeeviram422_gmail_com_application_default_credentials.json
[debug] [2025-04-18T06:14:56.050Z] Setting GAC to C:\Users\sanje\AppData\Roaming\firebase\sanjeeviram422_gmail_com_application_default_credentials.json {"metadata":{"emulator":{"name":"dataconnect"},"message":"Setting GAC to C:\\Users\\sanje\\AppData\\Roaming\\firebase\\sanjeeviram422_gmail_com_application_default_credentials.json"}}
[info] I0418 11:44:56.342702    6508 codegen.go:82] [connector "default" javascriptSdk] Generating sources into "D:\\smart-attendance\\frontend\\dataconnect-generated\\js\\default-connector"
I0418 11:44:56.351521    6508 generate.go:40] Generated all sources. Writing them to disk...
I0418 11:44:56.407186    6508 collector.go:107] connector "default" javascriptSdk wrote into "D:\\smart-attendance\\frontend\\dataconnect-generated\\js\\default-connector"
Generated sources: index.d.ts [246B] esm\index.esm.js [111B] package.json [1110B] react\esm\index.esm.js [0B] angular\index.d.ts [0B] angular\esm\package.json [17B] esm\package.json [17B] README.md [2774B] react\README.md [5417B] react\index.d.ts [228B] react\package.json [468B] react\index.cjs.js [0B] angular\package.json [661B] angular\index.cjs.js [1B] angular\esm\index.esm.js [0B] index.cjs.js [146B] react\esm\package.json [17B] 
I0418 11:44:56.448407    6508 installsdk.go:80] Running command: C:\Program Files\nodejs\npm.cmd install file:dataconnect-generated\js\default-connector

[info] i  Generated SDK code for default 
[info] i  Visit https://firebase.google.com/docs/data-connect/web-sdk#react for more information on how to set up React Generated SDKs for Firebase Data Connect 
[info] i  Run `npm i --save @angular/fire @tanstack-query-firebase/angular @tanstack/angular-query-experimental` to install angular sdk dependencies.
Visit https://github.com/invertase/tanstack-query-firebase/tree/main/packages/angular for more information on how to set up Angular Generated SDKs for Firebase Data Connect 
[info] +  If you'd like to add more generated SDKs to your app your later, run firebase init dataconnect:sdk again 
[info] i  If you'd like to provision a CloudSQL Postgres instance on the Firebase Data Connect no-cost trial:
1. Please upgrade to the pay-as-you-go (Blaze) billing plan. Visit the following page:
     https://console.firebase.google.com/project/smart-attendance-25d52/usage/details
2. Run firebase init dataconnect again to configure the Cloud SQL instance.
3. Run firebase deploy --only dataconnect to deploy your Data Connect service. 
[info] 
=== Firestore Setup
[debug] [2025-04-18T06:15:16.065Z] Checked if tokens are valid: true, expires at: 1744960421736
[debug] [2025-04-18T06:15:16.065Z] Checked if tokens are valid: true, expires at: 1744960421736
[debug] [2025-04-18T06:15:16.065Z] >>> [apiv2][query] GET https://serviceusage.googleapis.com/v1/projects/smart-attendance-25d52/services/firestore.googleapis.com [none]
[debug] [2025-04-18T06:15:16.065Z] >>> [apiv2][(partial)header] GET https://serviceusage.googleapis.com/v1/projects/smart-attendance-25d52/services/firestore.googleapis.com x-goog-quota-user=projects/smart-attendance-25d52
[debug] [2025-04-18T06:15:17.930Z] <<< [apiv2][status] GET https://serviceusage.googleapis.com/v1/projects/smart-attendance-25d52/services/firestore.googleapis.com 200
[debug] [2025-04-18T06:15:17.930Z] <<< [apiv2][body] GET https://serviceusage.googleapis.com/v1/projects/smart-attendance-25d52/services/firestore.googleapis.com [omitted]
[debug] [2025-04-18T06:15:17.931Z] Checked if tokens are valid: true, expires at: 1744960421736
[debug] [2025-04-18T06:15:17.931Z] Checked if tokens are valid: true, expires at: 1744960421736
[debug] [2025-04-18T06:15:17.931Z] >>> [apiv2][query] GET https://firestore.googleapis.com/v1/projects/smart-attendance-25d52/databases/(default) [none]
[debug] [2025-04-18T06:15:19.764Z] <<< [apiv2][status] GET https://firestore.googleapis.com/v1/projects/smart-attendance-25d52/databases/(default) 200
[debug] [2025-04-18T06:15:19.764Z] <<< [apiv2][body] GET https://firestore.googleapis.com/v1/projects/smart-attendance-25d52/databases/(default) {"name":"projects/smart-attendance-25d52/databases/(default)","uid":"dce2416d-1fb9-402d-9a7e-a9cb9ee16fa3","createTime":"2025-04-18T05:58:17.056673Z","updateTime":"2025-04-18T05:58:17.056673Z","locationId":"nam5","type":"FIRESTORE_NATIVE","concurrencyMode":"PESSIMISTIC","versionRetentionPeriod":"3600s","earliestVersionTime":"2025-04-18T05:58:17.056673Z","appEngineIntegrationMode":"DISABLED","keyPrefix":"s","pointInTimeRecoveryEnablement":"POINT_IN_TIME_RECOVERY_DISABLED","deleteProtectionState":"DELETE_PROTECTION_DISABLED","databaseEdition":"STANDARD","freeTier":true,"etag":"IKPtkoz34IwDMN6M/Lnz4IwD"}
[debug] [2025-04-18T06:15:19.765Z] database_type: FIRESTORE_NATIVE
[debug] [2025-04-18T06:15:19.765Z] database_type: FIRESTORE_NATIVE
[debug] [2025-04-18T06:15:19.765Z] > command requires scopes: ["email","openid","https://www.googleapis.com/auth/cloudplatformprojects.readonly","https://www.googleapis.com/auth/firebase","https://www.googleapis.com/auth/cloud-platform"]
[debug] [2025-04-18T06:15:19.765Z] > authorizing via signed-in user (sanjeeviram422@gmail.com)
[debug] [2025-04-18T06:15:19.765Z] [iam] checking project smart-attendance-25d52 for permissions ["firebase.projects.get"]
[debug] [2025-04-18T06:15:19.766Z] Checked if tokens are valid: true, expires at: 1744960421736
[debug] [2025-04-18T06:15:19.766Z] Checked if tokens are valid: true, expires at: 1744960421736
[debug] [2025-04-18T06:15:19.766Z] >>> [apiv2][query] POST https://cloudresourcemanager.googleapis.com/v1/projects/smart-attendance-25d52:testIamPermissions [none]
[debug] [2025-04-18T06:15:19.766Z] >>> [apiv2][(partial)header] POST https://cloudresourcemanager.googleapis.com/v1/projects/smart-attendance-25d52:testIamPermissions x-goog-quota-user=projects/smart-attendance-25d52
[debug] [2025-04-18T06:15:19.766Z] >>> [apiv2][body] POST https://cloudresourcemanager.googleapis.com/v1/projects/smart-attendance-25d52:testIamPermissions {"permissions":["firebase.projects.get"]}
[debug] [2025-04-18T06:15:21.341Z] <<< [apiv2][status] POST https://cloudresourcemanager.googleapis.com/v1/projects/smart-attendance-25d52:testIamPermissions 200
[debug] [2025-04-18T06:15:21.342Z] <<< [apiv2][body] POST https://cloudresourcemanager.googleapis.com/v1/projects/smart-attendance-25d52:testIamPermissions {"permissions":["firebase.projects.get"]}
[info] 
[info] Firestore Security Rules allow you to define how and when to allow
[info] requests. You can keep these rules in your project directory
[info] and publish them with firebase deploy.
[info] 
[debug] [2025-04-18T06:16:52.820Z] Checked if tokens are valid: true, expires at: 1744960421736
[debug] [2025-04-18T06:16:52.820Z] Checked if tokens are valid: true, expires at: 1744960421736
[debug] [2025-04-18T06:16:52.820Z] >>> [apiv2][query] GET https://firebaserules.googleapis.com/v1/projects/smart-attendance-25d52/releases pageSize=10&pageToken=
[debug] [2025-04-18T06:16:53.377Z] <<< [apiv2][status] GET https://firebaserules.googleapis.com/v1/projects/smart-attendance-25d52/releases 200
[debug] [2025-04-18T06:16:53.377Z] <<< [apiv2][body] GET https://firebaserules.googleapis.com/v1/projects/smart-attendance-25d52/releases {"releases":[{"name":"projects/smart-attendance-25d52/releases/cloud.firestore","rulesetName":"projects/smart-attendance-25d52/rulesets/3b719118-c0e6-4e05-bd42-3a14dc9f86fd","createTime":"2025-04-18T05:58:21.548129Z","updateTime":"2025-04-18T05:58:21.548129Z"}]}
[debug] [2025-04-18T06:16:53.378Z] Found ruleset: projects/smart-attendance-25d52/rulesets/3b719118-c0e6-4e05-bd42-3a14dc9f86fd
[debug] [2025-04-18T06:16:53.378Z] Checked if tokens are valid: true, expires at: 1744960421736
[debug] [2025-04-18T06:16:53.378Z] Checked if tokens are valid: true, expires at: 1744960421736
[debug] [2025-04-18T06:16:53.379Z] >>> [apiv2][query] GET https://firebaserules.googleapis.com/v1/projects/smart-attendance-25d52/rulesets/3b719118-c0e6-4e05-bd42-3a14dc9f86fd [none]
[debug] [2025-04-18T06:16:54.756Z] <<< [apiv2][status] GET https://firebaserules.googleapis.com/v1/projects/smart-attendance-25d52/rulesets/3b719118-c0e6-4e05-bd42-3a14dc9f86fd 200
[debug] [2025-04-18T06:16:54.756Z] <<< [apiv2][body] GET https://firebaserules.googleapis.com/v1/projects/smart-attendance-25d52/rulesets/3b719118-c0e6-4e05-bd42-3a14dc9f86fd [omitted]
[info] 
[info] Firestore indexes allow you to perform complex queries while
[info] maintaining performance that scales with the size of the result
[info] set. You can keep index definitions in your project directory
[info] and publish them with firebase deploy.
[info] 
[debug] [2025-04-18T06:16:58.049Z] Checked if tokens are valid: true, expires at: 1744960421736
[debug] [2025-04-18T06:16:58.049Z] Checked if tokens are valid: true, expires at: 1744960421736
[debug] [2025-04-18T06:16:58.049Z] Checked if tokens are valid: true, expires at: 1744960421736
[debug] [2025-04-18T06:16:58.049Z] Checked if tokens are valid: true, expires at: 1744960421736
[debug] [2025-04-18T06:16:58.050Z] >>> [apiv2][query] GET https://firestore.googleapis.com/v1/projects/smart-attendance-25d52/databases/(default)/collectionGroups/-/indexes [none]
[debug] [2025-04-18T06:16:58.051Z] >>> [apiv2][query] GET https://firestore.googleapis.com/v1/projects/smart-attendance-25d52/databases/(default)/collectionGroups/-/fields?filter=indexConfig.usesAncestorConfig=false OR ttlConfig:* [none]
[debug] [2025-04-18T06:16:59.919Z] <<< [apiv2][status] GET https://firestore.googleapis.com/v1/projects/smart-attendance-25d52/databases/(default)/collectionGroups/-/fields?filter=indexConfig.usesAncestorConfig=false OR ttlConfig:* 200
[debug] [2025-04-18T06:16:59.919Z] <<< [apiv2][body] GET https://firestore.googleapis.com/v1/projects/smart-attendance-25d52/databases/(default)/collectionGroups/-/fields?filter=indexConfig.usesAncestorConfig=false OR ttlConfig:* {"fields":[{"name":"projects/smart-attendance-25d52/databases/(default)/collectionGroups/__default__/fields/*","indexConfig":{"indexes":[{"queryScope":"COLLECTION","fields":[{"fieldPath":"*","order":"ASCENDING"}],"state":"READY"},{"queryScope":"COLLECTION","fields":[{"fieldPath":"*","order":"DESCENDING"}],"state":"READY"},{"queryScope":"COLLECTION","fields":[{"fieldPath":"*","arrayConfig":"CONTAINS"}],"state":"READY"}]}}]}
[debug] [2025-04-18T06:16:59.963Z] <<< [apiv2][status] GET https://firestore.googleapis.com/v1/projects/smart-attendance-25d52/databases/(default)/collectionGroups/-/indexes 200
[debug] [2025-04-18T06:16:59.963Z] <<< [apiv2][body] GET https://firestore.googleapis.com/v1/projects/smart-attendance-25d52/databases/(default)/collectionGroups/-/indexes {}
[info] 
=== Genkit Setup
[debug] [2025-04-18T06:17:06.714Z] > command requires scopes: ["email","openid","https://www.googleapis.com/auth/cloudplatformprojects.readonly","https://www.googleapis.com/auth/firebase","https://www.googleapis.com/auth/cloud-platform"]
[debug] [2025-04-18T06:17:06.714Z] > authorizing via signed-in user (sanjeeviram422@gmail.com)
[debug] [2025-04-18T06:17:06.714Z] [iam] checking project smart-attendance-25d52 for permissions ["firebase.projects.get"]
[debug] [2025-04-18T06:17:06.715Z] Checked if tokens are valid: true, expires at: 1744960421736
[debug] [2025-04-18T06:17:06.715Z] Checked if tokens are valid: true, expires at: 1744960421736
[debug] [2025-04-18T06:17:06.715Z] >>> [apiv2][query] POST https://cloudresourcemanager.googleapis.com/v1/projects/smart-attendance-25d52:testIamPermissions [none]
[debug] [2025-04-18T06:17:06.715Z] >>> [apiv2][(partial)header] POST https://cloudresourcemanager.googleapis.com/v1/projects/smart-attendance-25d52:testIamPermissions x-goog-quota-user=projects/smart-attendance-25d52
[debug] [2025-04-18T06:17:06.715Z] >>> [apiv2][body] POST https://cloudresourcemanager.googleapis.com/v1/projects/smart-attendance-25d52:testIamPermissions {"permissions":["firebase.projects.get"]}
[debug] [2025-04-18T06:17:08.266Z] <<< [apiv2][status] POST https://cloudresourcemanager.googleapis.com/v1/projects/smart-attendance-25d52:testIamPermissions 200
[debug] [2025-04-18T06:17:08.266Z] <<< [apiv2][body] POST https://cloudresourcemanager.googleapis.com/v1/projects/smart-attendance-25d52:testIamPermissions {"permissions":["firebase.projects.get"]}
[debug] [2025-04-18T06:17:08.266Z] Checked if tokens are valid: true, expires at: 1744960421736
[debug] [2025-04-18T06:17:08.267Z] Checked if tokens are valid: true, expires at: 1744960421736
[debug] [2025-04-18T06:17:08.267Z] Checked if tokens are valid: true, expires at: 1744960421736
[debug] [2025-04-18T06:17:08.267Z] Checked if tokens are valid: true, expires at: 1744960421736
[debug] [2025-04-18T06:17:08.267Z] >>> [apiv2][query] GET https://serviceusage.googleapis.com/v1/projects/smart-attendance-25d52/services/cloudfunctions.googleapis.com [none]
[debug] [2025-04-18T06:17:08.267Z] >>> [apiv2][(partial)header] GET https://serviceusage.googleapis.com/v1/projects/smart-attendance-25d52/services/cloudfunctions.googleapis.com x-goog-quota-user=projects/smart-attendance-25d52
[debug] [2025-04-18T06:17:08.269Z] >>> [apiv2][query] GET https://serviceusage.googleapis.com/v1/projects/smart-attendance-25d52/services/runtimeconfig.googleapis.com [none]
[debug] [2025-04-18T06:17:08.269Z] >>> [apiv2][(partial)header] GET https://serviceusage.googleapis.com/v1/projects/smart-attendance-25d52/services/runtimeconfig.googleapis.com x-goog-quota-user=projects/smart-attendance-25d52
[debug] [2025-04-18T06:17:10.074Z] <<< [apiv2][status] GET https://serviceusage.googleapis.com/v1/projects/smart-attendance-25d52/services/cloudfunctions.googleapis.com 200
[debug] [2025-04-18T06:17:10.074Z] <<< [apiv2][body] GET https://serviceusage.googleapis.com/v1/projects/smart-attendance-25d52/services/cloudfunctions.googleapis.com [omitted]
[debug] [2025-04-18T06:17:10.074Z] Checked if tokens are valid: true, expires at: 1744960421736
[debug] [2025-04-18T06:17:10.074Z] Checked if tokens are valid: true, expires at: 1744960421736
[debug] [2025-04-18T06:17:10.074Z] >>> [apiv2][query] POST https://serviceusage.googleapis.com/v1/projects/smart-attendance-25d52/services/cloudfunctions.googleapis.com:enable [none]
[debug] [2025-04-18T06:17:10.075Z] >>> [apiv2][(partial)header] POST https://serviceusage.googleapis.com/v1/projects/smart-attendance-25d52/services/cloudfunctions.googleapis.com:enable x-goog-quota-user=projects/smart-attendance-25d52
[debug] [2025-04-18T06:17:10.079Z] <<< [apiv2][status] GET https://serviceusage.googleapis.com/v1/projects/smart-attendance-25d52/services/runtimeconfig.googleapis.com 200
[debug] [2025-04-18T06:17:10.079Z] <<< [apiv2][body] GET https://serviceusage.googleapis.com/v1/projects/smart-attendance-25d52/services/runtimeconfig.googleapis.com [omitted]
[debug] [2025-04-18T06:17:10.670Z] <<< [apiv2][status] POST https://serviceusage.googleapis.com/v1/projects/smart-attendance-25d52/services/cloudfunctions.googleapis.com:enable 200
[debug] [2025-04-18T06:17:10.670Z] <<< [apiv2][body] POST https://serviceusage.googleapis.com/v1/projects/smart-attendance-25d52/services/cloudfunctions.googleapis.com:enable [omitted]
[debug] [2025-04-18T06:17:20.671Z] Checked if tokens are valid: true, expires at: 1744960421736
[debug] [2025-04-18T06:17:20.671Z] Checked if tokens are valid: true, expires at: 1744960421736
[debug] [2025-04-18T06:17:20.671Z] >>> [apiv2][query] GET https://serviceusage.googleapis.com/v1/projects/smart-attendance-25d52/services/cloudfunctions.googleapis.com [none]
[debug] [2025-04-18T06:17:20.671Z] >>> [apiv2][(partial)header] GET https://serviceusage.googleapis.com/v1/projects/smart-attendance-25d52/services/cloudfunctions.googleapis.com x-goog-quota-user=projects/smart-attendance-25d52
[debug] [2025-04-18T06:17:22.524Z] <<< [apiv2][status] GET https://serviceusage.googleapis.com/v1/projects/smart-attendance-25d52/services/cloudfunctions.googleapis.com 200
[debug] [2025-04-18T06:17:22.524Z] <<< [apiv2][body] GET https://serviceusage.googleapis.com/v1/projects/smart-attendance-25d52/services/cloudfunctions.googleapis.com [omitted]
[info] Let's create a new codebase for your functions.
[info] A directory corresponding to the codebase will be created in your project
[info] with sample code pre-configured.

[info] See https://firebase.google.com/docs/functions/organize-functions for
[info] more information on organizing your functions using codebases.

[info] Functions can be deployed with firebase deploy.

[info] +  Wrote functions/package.json 
[info] +  Wrote functions/.eslintrc.js 
[info] +  Wrote functions/tsconfig.json 
[info] +  Wrote functions/tsconfig.dev.json 
[info] +  Wrote functions/src/index.ts 
[info] +  Wrote functions/.gitignore 
[info] 
[info] i  genkit: Installing Genkit CLI version 1.6.0
 
[info] i  genkit: Installing NPM packages for genkit 
[info] +  genkit: Successfully installed NPM packages 
[info] i  genkit: Updating tsconfig.json 
[info] +  genkit: Successfully updated tsconfig.json 
[info] i  genkit: Updating package.json 
[info] +  genkit: Successfully updated package.json 
[info] i  genkit: Generating sample file 
[info] +  genkit: Successfully generated sample file (src/genkit-sample.ts) 
[info] 
Login to Google Cloud using:
[info]     gcloud auth application-default login --project undefined

[info] Then start the Genkit developer experience by running:
[info]     cd functions && npm run genkit:start
[info] 
=== Functions Setup
[debug] [2025-04-18T06:20:07.930Z] > command requires scopes: ["email","openid","https://www.googleapis.com/auth/cloudplatformprojects.readonly","https://www.googleapis.com/auth/firebase","https://www.googleapis.com/auth/cloud-platform"]
[debug] [2025-04-18T06:20:07.931Z] > authorizing via signed-in user (sanjeeviram422@gmail.com)
[debug] [2025-04-18T06:20:07.931Z] [iam] checking project smart-attendance-25d52 for permissions ["firebase.projects.get"]
[debug] [2025-04-18T06:20:07.931Z] Checked if tokens are valid: true, expires at: 1744960421736
[debug] [2025-04-18T06:20:07.931Z] Checked if tokens are valid: true, expires at: 1744960421736
[debug] [2025-04-18T06:20:07.931Z] >>> [apiv2][query] POST https://cloudresourcemanager.googleapis.com/v1/projects/smart-attendance-25d52:testIamPermissions [none]
[debug] [2025-04-18T06:20:07.931Z] >>> [apiv2][(partial)header] POST https://cloudresourcemanager.googleapis.com/v1/projects/smart-attendance-25d52:testIamPermissions x-goog-quota-user=projects/smart-attendance-25d52
[debug] [2025-04-18T06:20:07.931Z] >>> [apiv2][body] POST https://cloudresourcemanager.googleapis.com/v1/projects/smart-attendance-25d52:testIamPermissions {"permissions":["firebase.projects.get"]}
[debug] [2025-04-18T06:20:09.458Z] <<< [apiv2][status] POST https://cloudresourcemanager.googleapis.com/v1/projects/smart-attendance-25d52:testIamPermissions 200
[debug] [2025-04-18T06:20:09.459Z] <<< [apiv2][body] POST https://cloudresourcemanager.googleapis.com/v1/projects/smart-attendance-25d52:testIamPermissions {"permissions":["firebase.projects.get"]}
[debug] [2025-04-18T06:20:09.459Z] Checked if tokens are valid: true, expires at: 1744960421736
[debug] [2025-04-18T06:20:09.459Z] Checked if tokens are valid: true, expires at: 1744960421736
[debug] [2025-04-18T06:20:09.459Z] Checked if tokens are valid: true, expires at: 1744960421736
[debug] [2025-04-18T06:20:09.459Z] Checked if tokens are valid: true, expires at: 1744960421736
[debug] [2025-04-18T06:20:09.459Z] >>> [apiv2][query] GET https://serviceusage.googleapis.com/v1/projects/smart-attendance-25d52/services/cloudfunctions.googleapis.com [none]
[debug] [2025-04-18T06:20:09.459Z] >>> [apiv2][(partial)header] GET https://serviceusage.googleapis.com/v1/projects/smart-attendance-25d52/services/cloudfunctions.googleapis.com x-goog-quota-user=projects/smart-attendance-25d52
[debug] [2025-04-18T06:20:09.461Z] >>> [apiv2][query] GET https://serviceusage.googleapis.com/v1/projects/smart-attendance-25d52/services/runtimeconfig.googleapis.com [none]
[debug] [2025-04-18T06:20:09.461Z] >>> [apiv2][(partial)header] GET https://serviceusage.googleapis.com/v1/projects/smart-attendance-25d52/services/runtimeconfig.googleapis.com x-goog-quota-user=projects/smart-attendance-25d52
[debug] [2025-04-18T06:20:11.062Z] <<< [apiv2][status] GET https://serviceusage.googleapis.com/v1/projects/smart-attendance-25d52/services/runtimeconfig.googleapis.com 200
[debug] [2025-04-18T06:20:11.062Z] <<< [apiv2][body] GET https://serviceusage.googleapis.com/v1/projects/smart-attendance-25d52/services/runtimeconfig.googleapis.com [omitted]
[debug] [2025-04-18T06:20:11.339Z] <<< [apiv2][status] GET https://serviceusage.googleapis.com/v1/projects/smart-attendance-25d52/services/cloudfunctions.googleapis.com 200
[debug] [2025-04-18T06:20:11.339Z] <<< [apiv2][body] GET https://serviceusage.googleapis.com/v1/projects/smart-attendance-25d52/services/cloudfunctions.googleapis.com [omitted]
[info] 
Detected existing codebase(s): default

[info] Let's create a new codebase for your functions.
[info] A directory corresponding to the codebase will be created in your project
[info] with sample code pre-configured.

[info] See https://firebase.google.com/docs/functions/organize-functions for
[info] more information on organizing your functions using codebases.

[info] Functions can be deployed with firebase deploy.

[error] Invalid codebase name. Codebase must be less than 64 characters and can contain only lowercase letters, numeric characters, underscores, and dashes.
[info] +  Wrote sanju/requirements.txt 
[info] +  Wrote sanju/.gitignore 
[info] +  Wrote sanju/main.py 
[debug] [2025-04-18T06:21:07.635Z] Running command with virtualenv: command="D:\smart-attendance\frontend\sanju\venv\Scripts\activate.bat", args=["","&&","pip3","install","--upgrade","pip"]
[debug] [2025-04-18T06:21:16.435Z] Error: spawn "D:\smart-attendance\frontend\sanju\venv\Scripts\activate.bat" ENOENT
    at notFoundError (C:\Users\sanje\AppData\Roaming\npm\node_modules\firebase-tools\node_modules\cross-spawn\lib\enoent.js:6:26)
    at verifyENOENT (C:\Users\sanje\AppData\Roaming\npm\node_modules\firebase-tools\node_modules\cross-spawn\lib\enoent.js:40:16)
    at cp.emit (C:\Users\sanje\AppData\Roaming\npm\node_modules\firebase-tools\node_modules\cross-spawn\lib\enoent.js:27:25)
    at ChildProcess._handle.onexit (node:internal/child_process:293:12)
[error] 
[error] Error: An unexpected error has occurred.
